Jun-21 14:37:01.394 [main] DEBUG nextflow.cli.Launcher - $> nextflow run main.nf
Jun-21 14:37:01.444 [main] INFO  nextflow.cli.CmdRun - N E X T F L O W  ~  version 23.04.3
Jun-21 14:37:01.455 [main] DEBUG nextflow.plugin.PluginsFacade - Setting up plugin manager > mode=prod; embedded=false; plugins-dir=/Users/josesho/.nextflow/plugins; core-plugins: nf-amazon@1.16.2,nf-azure@1.0.1,nf-codecommit@0.1.4,nf-console@1.0.5,nf-ga4gh@1.0.5,nf-google@1.7.3,nf-tower@1.5.12,nf-wave@0.8.4
Jun-21 14:37:01.461 [main] INFO  org.pf4j.DefaultPluginStatusProvider - Enabled plugins: []
Jun-21 14:37:01.462 [main] INFO  org.pf4j.DefaultPluginStatusProvider - Disabled plugins: []
Jun-21 14:37:01.463 [main] INFO  org.pf4j.DefaultPluginManager - PF4J version 3.4.1 in 'deployment' mode
Jun-21 14:37:01.469 [main] INFO  org.pf4j.AbstractPluginManager - No plugins
Jun-21 14:37:01.479 [main] DEBUG nextflow.config.ConfigBuilder - Found config local: /Users/josesho/Library/CloudStorage/GoogleDrive-joseshowh@gmail.com/My Drive/temus-gwas-case-study/nextflow.config
Jun-21 14:37:01.480 [main] DEBUG nextflow.config.ConfigBuilder - Parsing config file: /Users/josesho/Library/CloudStorage/GoogleDrive-joseshowh@gmail.com/My Drive/temus-gwas-case-study/nextflow.config
Jun-21 14:37:01.494 [main] DEBUG nextflow.config.ConfigBuilder - Applying config profile: `standard`
Jun-21 14:37:01.622 [main] ERROR nextflow.cli.Launcher - Unable to parse config file: '/Users/josesho/Library/CloudStorage/GoogleDrive-joseshowh@gmail.com/My Drive/temus-gwas-case-study/nextflow.config'

  Compile failed for sources FixedSetSources[name='/groovy/script/Script75CA58ACA64C93129D8D8DC39F2B4FB4/_nf_config_b65d0cc6']. Cause: org.codehaus.groovy.control.MultipleCompilationErrorsException: startup failed:
  /groovy/script/Script75CA58ACA64C93129D8D8DC39F2B4FB4/_nf_config_b65d0cc6: 2: Unexpected character: '"' @ line 2, column 14.
         fullPath "/Users/josesho/Library/CloudStorage/GoogleDrive-joseshowh@gmail.com/My\ Drive/temus-gwas-case-study/"
                  ^
  
  1 error

ch.artecat.grengine.except.CompileException: Compile failed for sources FixedSetSources[name='/groovy/script/Script75CA58ACA64C93129D8D8DC39F2B4FB4/_nf_config_b65d0cc6']. Cause: org.codehaus.groovy.control.MultipleCompilationErrorsException: startup failed:
/groovy/script/Script75CA58ACA64C93129D8D8DC39F2B4FB4/_nf_config_b65d0cc6: 2: Unexpected character: '"' @ line 2, column 14.
       fullPath "/Users/josesho/Library/CloudStorage/GoogleDrive-joseshowh@gmail.com/My\ Drive/temus-gwas-case-study/"
                ^

1 error

	at ch.artecat.grengine.code.groovy.DefaultGroovyCompiler.compile(DefaultGroovyCompiler.java:258)
	at ch.artecat.grengine.load.DefaultTopCodeCache.getUpToDateCode(DefaultTopCodeCache.java:80)
	at ch.artecat.grengine.load.LayeredClassLoader.getTopLoader(LayeredClassLoader.java:251)
	at ch.artecat.grengine.load.LayeredClassLoader.loadMainClass(LayeredClassLoader.java:202)
	at ch.artecat.grengine.engine.LayeredEngine.loadMainClass(LayeredEngine.java:198)
	at ch.artecat.grengine.Grengine.loadMainClass(Grengine.java:679)
	at ch.artecat.grengine.BaseGrengine.load(BaseGrengine.java:538)
	at ch.artecat.grengine.BaseGrengine.load(BaseGrengine.java:421)
	at ch.artecat.grengine.BaseGrengine$load.call(Unknown Source)
	at org.codehaus.groovy.runtime.callsite.CallSiteArray.defaultCall(CallSiteArray.java:47)
	at org.codehaus.groovy.runtime.callsite.AbstractCallSite.call(AbstractCallSite.java:125)
	at org.codehaus.groovy.runtime.callsite.AbstractCallSite.call(AbstractCallSite.java:148)
	at nextflow.config.ConfigParser.loadScript(ConfigParser.groovy:222)
	at java.base/jdk.internal.reflect.DirectMethodHandleAccessor.invoke(DirectMethodHandleAccessor.java:104)
	at java.base/java.lang.reflect.Method.invoke(Method.java:578)
	at org.codehaus.groovy.runtime.callsite.PlainObjectMetaMethodSite.doInvoke(PlainObjectMetaMethodSite.java:48)
	at org.codehaus.groovy.runtime.callsite.PogoMetaMethodSite$PogoCachedMethodSiteNoUnwrapNoCoerce.invoke(PogoMetaMethodSite.java:189)
	at org.codehaus.groovy.runtime.callsite.PogoMetaMethodSite.callCurrent(PogoMetaMethodSite.java:57)
	at org.codehaus.groovy.runtime.callsite.CallSiteArray.defaultCallCurrent(CallSiteArray.java:51)
	at org.codehaus.groovy.runtime.callsite.AbstractCallSite.callCurrent(AbstractCallSite.java:171)
	at org.codehaus.groovy.runtime.callsite.AbstractCallSite.callCurrent(AbstractCallSite.java:185)
	at nextflow.config.ConfigParser.parse(ConfigParser.groovy:303)
	at nextflow.config.ConfigParser$parse$3.call(Unknown Source)
	at org.codehaus.groovy.runtime.callsite.CallSiteArray.defaultCall(CallSiteArray.java:47)
	at org.codehaus.groovy.runtime.callsite.AbstractCallSite.call(AbstractCallSite.java:125)
	at org.codehaus.groovy.runtime.callsite.AbstractCallSite.call(AbstractCallSite.java:139)
	at nextflow.config.ConfigBuilder.parse0(ConfigBuilder.groovy:435)
	at java.base/jdk.internal.reflect.DirectMethodHandleAccessor.invoke(DirectMethodHandleAccessor.java:104)
	at java.base/java.lang.reflect.Method.invoke(Method.java:578)
	at org.codehaus.groovy.runtime.callsite.PlainObjectMetaMethodSite.doInvoke(PlainObjectMetaMethodSite.java:48)
	at org.codehaus.groovy.runtime.callsite.PogoMetaMethodSite$PogoCachedMethodSiteNoUnwrapNoCoerce.invoke(PogoMetaMethodSite.java:189)
	at org.codehaus.groovy.runtime.callsite.PogoMetaMethodSite.callCurrent(PogoMetaMethodSite.java:57)
	at org.codehaus.groovy.runtime.callsite.CallSiteArray.defaultCallCurrent(CallSiteArray.java:51)
	at org.codehaus.groovy.runtime.callsite.AbstractCallSite.callCurrent(AbstractCallSite.java:171)
	at org.codehaus.groovy.runtime.callsite.AbstractCallSite.callCurrent(AbstractCallSite.java:194)
	at nextflow.config.ConfigBuilder.merge0(ConfigBuilder.groovy:421)
	at java.base/jdk.internal.reflect.DirectMethodHandleAccessor.invoke(DirectMethodHandleAccessor.java:104)
	at java.base/java.lang.reflect.Method.invoke(Method.java:578)
	at org.codehaus.groovy.runtime.callsite.PlainObjectMetaMethodSite.doInvoke(PlainObjectMetaMethodSite.java:48)
	at org.codehaus.groovy.runtime.callsite.PogoMetaMethodSite$PogoCachedMethodSiteNoUnwrapNoCoerce.invoke(PogoMetaMethodSite.java:189)
	at org.codehaus.groovy.runtime.callsite.PogoMetaMethodSite.callCurrent(PogoMetaMethodSite.java:57)
	at org.codehaus.groovy.runtime.callsite.CallSiteArray.defaultCallCurrent(CallSiteArray.java:51)
	at org.codehaus.groovy.runtime.callsite.AbstractCallSite.callCurrent(AbstractCallSite.java:171)
	at org.codehaus.groovy.runtime.callsite.AbstractCallSite.callCurrent(AbstractCallSite.java:203)
	at nextflow.config.ConfigBuilder.buildConfig0(ConfigBuilder.groovy:371)
	at java.base/jdk.internal.reflect.DirectMethodHandleAccessor.invoke(DirectMethodHandleAccessor.java:104)
	at java.base/java.lang.reflect.Method.invoke(Method.java:578)
	at org.codehaus.groovy.runtime.callsite.PlainObjectMetaMethodSite.doInvoke(PlainObjectMetaMethodSite.java:48)
	at org.codehaus.groovy.runtime.callsite.PogoMetaMethodSite$PogoCachedMethodSiteNoUnwrapNoCoerce.invoke(PogoMetaMethodSite.java:189)
	at org.codehaus.groovy.runtime.callsite.PogoMetaMethodSite.callCurrent(PogoMetaMethodSite.java:57)
	at org.codehaus.groovy.runtime.callsite.CallSiteArray.defaultCallCurrent(CallSiteArray.java:51)
	at org.codehaus.groovy.runtime.callsite.AbstractCallSite.callCurrent(AbstractCallSite.java:171)
	at org.codehaus.groovy.runtime.callsite.AbstractCallSite.callCurrent(AbstractCallSite.java:194)
	at nextflow.config.ConfigBuilder.buildGivenFiles(ConfigBuilder.groovy:316)
	at java.base/jdk.internal.reflect.DirectMethodHandleAccessor.invoke(DirectMethodHandleAccessor.java:104)
	at java.base/java.lang.reflect.Method.invoke(Method.java:578)
	at org.codehaus.groovy.runtime.callsite.PlainObjectMetaMethodSite.doInvoke(PlainObjectMetaMethodSite.java:48)
	at org.codehaus.groovy.runtime.callsite.PogoMetaMethodSite$PogoCachedMethodSiteNoUnwrapNoCoerce.invoke(PogoMetaMethodSite.java:189)
	at org.codehaus.groovy.runtime.callsite.PogoMetaMethodSite.callCurrent(PogoMetaMethodSite.java:57)
	at org.codehaus.groovy.runtime.callsite.CallSiteArray.defaultCallCurrent(CallSiteArray.java:51)
	at org.codehaus.groovy.runtime.callsite.AbstractCallSite.callCurrent(AbstractCallSite.java:171)
	at org.codehaus.groovy.runtime.callsite.AbstractCallSite.callCurrent(AbstractCallSite.java:185)
	at nextflow.config.ConfigBuilder.buildConfigObject(ConfigBuilder.groovy:803)
	at nextflow.config.ConfigBuilder.build(ConfigBuilder.groovy:816)
	at nextflow.cli.CmdRun.run(CmdRun.groovy:321)
	at nextflow.cli.Launcher.run(Launcher.groovy:494)
	at nextflow.cli.Launcher.main(Launcher.groovy:653)
Caused by: org.codehaus.groovy.control.MultipleCompilationErrorsException: startup failed:
/groovy/script/Script75CA58ACA64C93129D8D8DC39F2B4FB4/_nf_config_b65d0cc6: 2: Unexpected character: '"' @ line 2, column 14.
       fullPath "/Users/josesho/Library/CloudStorage/GoogleDrive-joseshowh@gmail.com/My\ Drive/temus-gwas-case-study/"
                ^

1 error

	at org.codehaus.groovy.control.ErrorCollector.failIfErrors(ErrorCollector.java:292)
	at org.codehaus.groovy.control.ErrorCollector.addFatalError(ErrorCollector.java:148)
	at org.apache.groovy.parser.antlr4.AstBuilder.collectSyntaxError(AstBuilder.java:4321)
	at org.apache.groovy.parser.antlr4.AstBuilder.createParsingFailedException(AstBuilder.java:4304)
	at org.apache.groovy.parser.antlr4.AstBuilder.convertException(AstBuilder.java:261)
	at org.apache.groovy.parser.antlr4.AstBuilder.buildCST(AstBuilder.java:235)
	at org.apache.groovy.parser.antlr4.AstBuilder.buildAST(AstBuilder.java:269)
	at org.apache.groovy.parser.antlr4.Antlr4ParserPlugin.buildAST(Antlr4ParserPlugin.java:58)
	at org.codehaus.groovy.control.SourceUnit.buildAST(SourceUnit.java:256)
	at java.base/java.util.Iterator.forEachRemaining(Iterator.java:133)
	at java.base/java.util.Spliterators$IteratorSpliterator.forEachRemaining(Spliterators.java:1921)
	at java.base/java.util.stream.ReferencePipeline$Head.forEach(ReferencePipeline.java:762)
	at org.codehaus.groovy.control.CompilationUnit.buildASTs(CompilationUnit.java:667)
	at org.codehaus.groovy.control.CompilationUnit.compile(CompilationUnit.java:633)
	at ch.artecat.grengine.code.groovy.DefaultGroovyCompiler.compile(DefaultGroovyCompiler.java:229)
	... 66 common frames omitted
